[2024-05-29 19:38:21,292: INFO: main: >>>>>> stage Data Ingestion stage started <<<<<<]
[2024-05-29 19:38:21,307: INFO: common: yaml file: config\config.yaml loaded successfully]
[2024-05-29 19:38:21,307: INFO: common: yaml file: params.yaml loaded successfully]
[2024-05-29 19:38:21,310: INFO: common: created directory at: artifacts]
[2024-05-29 19:38:21,310: INFO: common: created directory at: artifacts/data_ingestion]
[2024-05-29 19:38:21,311: INFO: data_ingestion: Downloading data from https://drive.google.com/file/d/1vlhZ5c7abUKF8xXERIw6m9Te8fW7ohw3/view?usp=sharing into file artifacts/data_ingestion/data.zip]
[2024-05-29 19:38:27,047: INFO: data_ingestion: Downloaded data from https://drive.google.com/file/d/1vlhZ5c7abUKF8xXERIw6m9Te8fW7ohw3/view?usp=sharing into file artifacts/data_ingestion/data.zip]
[2024-05-29 19:38:28,044: INFO: main: >>>>>> stage Data Ingestion stage completed <<<<<<

x==========x]
[2024-05-29 19:38:28,044: INFO: main: *******************]
[2024-05-29 19:38:28,044: INFO: main: >>>>>> stage Prepare base model started <<<<<<]
[2024-05-29 19:38:28,044: INFO: common: yaml file: config\config.yaml loaded successfully]
[2024-05-29 19:38:28,054: INFO: common: yaml file: params.yaml loaded successfully]
[2024-05-29 19:38:28,055: INFO: common: created directory at: artifacts]
[2024-05-29 19:38:28,057: INFO: common: created directory at: artifacts/prepare_base_model]
[2024-05-29 19:38:28,945: INFO: main: >>>>>> stage Prepare base model completed <<<<<<

x==========x]
[2024-05-29 19:38:28,946: INFO: main: *******************]
[2024-05-29 19:38:28,947: INFO: main: >>>>>> stage Training started <<<<<<]
[2024-05-29 19:38:28,948: INFO: common: yaml file: config\config.yaml loaded successfully]
[2024-05-29 19:38:28,949: INFO: common: yaml file: params.yaml loaded successfully]
[2024-05-29 19:38:28,950: INFO: common: created directory at: artifacts]
[2024-05-29 19:38:28,951: INFO: common: created directory at: artifacts\training]
[2024-05-29 19:39:41,355: INFO: main: >>>>>> stage Training completed <<<<<<

x==========x]
[2024-05-29 19:39:41,357: INFO: main: *******************]
[2024-05-29 19:39:41,357: INFO: main: >>>>>> stage Evaluation started <<<<<<]
[2024-05-29 19:39:41,362: INFO: common: yaml file: config\config.yaml loaded successfully]
[2024-05-29 19:39:41,363: INFO: common: yaml file: params.yaml loaded successfully]
[2024-05-29 19:39:41,365: INFO: common: created directory at: artifacts]
[2024-05-29 19:40:04,122: INFO: common: json file saved at: scores.json]
[2024-05-29 19:40:09,478: INFO: main: >>>>>> stage Evaluation completed <<<<<<

x==========x]
[2024-05-29 19:44:11,605: INFO: main: >>>>>> stage Data Ingestion stage started <<<<<<]
[2024-05-29 19:44:11,605: INFO: common: yaml file: config\config.yaml loaded successfully]
[2024-05-29 19:44:11,605: INFO: common: yaml file: params.yaml loaded successfully]
[2024-05-29 19:44:11,605: INFO: common: created directory at: artifacts]
[2024-05-29 19:44:11,620: INFO: common: created directory at: artifacts/data_ingestion]
[2024-05-29 19:44:11,620: INFO: data_ingestion: Downloading data from https://drive.google.com/file/d/1vlhZ5c7abUKF8xXERIw6m9Te8fW7ohw3/view?usp=sharing into file artifacts/data_ingestion/data.zip]
[2024-05-29 19:44:24,950: INFO: data_ingestion: Downloaded data from https://drive.google.com/file/d/1vlhZ5c7abUKF8xXERIw6m9Te8fW7ohw3/view?usp=sharing into file artifacts/data_ingestion/data.zip]
[2024-05-29 19:44:25,949: INFO: main: >>>>>> stage Data Ingestion stage completed <<<<<<

x==========x]
[2024-05-29 19:44:25,949: INFO: main: *******************]
[2024-05-29 19:44:25,950: INFO: main: >>>>>> stage Prepare base model started <<<<<<]
[2024-05-29 19:44:25,953: INFO: common: yaml file: config\config.yaml loaded successfully]
[2024-05-29 19:44:25,956: INFO: common: yaml file: params.yaml loaded successfully]
[2024-05-29 19:44:25,957: INFO: common: created directory at: artifacts]
[2024-05-29 19:44:25,958: INFO: common: created directory at: artifacts/prepare_base_model]
[2024-05-29 19:44:26,997: INFO: main: >>>>>> stage Prepare base model completed <<<<<<

x==========x]
[2024-05-29 19:44:26,997: INFO: main: *******************]
[2024-05-29 19:44:26,997: INFO: main: >>>>>> stage Training started <<<<<<]
[2024-05-29 19:44:26,997: INFO: common: yaml file: config\config.yaml loaded successfully]
[2024-05-29 19:44:26,997: INFO: common: yaml file: params.yaml loaded successfully]
[2024-05-29 19:44:26,997: INFO: common: created directory at: artifacts]
[2024-05-29 19:44:26,997: INFO: common: created directory at: artifacts\training]
[2024-05-29 19:45:35,137: INFO: main: >>>>>> stage Training completed <<<<<<

x==========x]
[2024-05-29 19:45:35,137: INFO: main: *******************]
[2024-05-29 19:45:35,137: INFO: main: >>>>>> stage Evaluation started <<<<<<]
[2024-05-29 19:45:35,137: INFO: common: yaml file: config\config.yaml loaded successfully]
[2024-05-29 19:45:35,146: INFO: common: yaml file: params.yaml loaded successfully]
[2024-05-29 19:45:35,147: INFO: common: created directory at: artifacts]
[2024-05-29 19:45:59,283: INFO: common: json file saved at: scores.json]
[2024-05-29 19:46:03,772: INFO: main: >>>>>> stage Evaluation completed <<<<<<

x==========x]
[2024-05-29 19:50:56,811: INFO: main: >>>>>> stage Data Ingestion stage started <<<<<<]
[2024-05-29 19:50:56,811: INFO: common: yaml file: config\config.yaml loaded successfully]
[2024-05-29 19:50:56,827: INFO: common: yaml file: params.yaml loaded successfully]
[2024-05-29 19:50:56,828: INFO: common: created directory at: artifacts]
[2024-05-29 19:50:56,828: INFO: common: created directory at: artifacts/data_ingestion]
[2024-05-29 19:50:56,829: INFO: data_ingestion: Downloading data from https://drive.google.com/file/d/1vlhZ5c7abUKF8xXERIw6m9Te8fW7ohw3/view?usp=sharing into file artifacts/data_ingestion/data.zip]
[2024-05-29 19:51:10,875: INFO: data_ingestion: Downloaded data from https://drive.google.com/file/d/1vlhZ5c7abUKF8xXERIw6m9Te8fW7ohw3/view?usp=sharing into file artifacts/data_ingestion/data.zip]
[2024-05-29 19:51:11,655: INFO: main: >>>>>> stage Data Ingestion stage completed <<<<<<

x==========x]
[2024-05-29 19:51:11,655: INFO: main: *******************]
[2024-05-29 19:51:11,655: INFO: main: >>>>>> stage Prepare base model started <<<<<<]
[2024-05-29 19:51:11,655: INFO: common: yaml file: config\config.yaml loaded successfully]
[2024-05-29 19:51:11,655: INFO: common: yaml file: params.yaml loaded successfully]
[2024-05-29 19:51:11,655: INFO: common: created directory at: artifacts]
[2024-05-29 19:51:11,655: INFO: common: created directory at: artifacts/prepare_base_model]
[2024-05-29 19:51:12,480: INFO: main: >>>>>> stage Prepare base model completed <<<<<<

x==========x]
[2024-05-29 19:51:12,490: INFO: main: *******************]
[2024-05-29 19:51:12,490: INFO: main: >>>>>> stage Training started <<<<<<]
[2024-05-29 19:51:12,490: INFO: common: yaml file: config\config.yaml loaded successfully]
[2024-05-29 19:51:12,492: INFO: common: yaml file: params.yaml loaded successfully]
[2024-05-29 19:51:12,492: INFO: common: created directory at: artifacts]
[2024-05-29 19:51:12,492: INFO: common: created directory at: artifacts\training]
[2024-05-29 19:52:17,754: INFO: main: >>>>>> stage Training completed <<<<<<

x==========x]
[2024-05-29 19:52:17,754: INFO: main: *******************]
[2024-05-29 19:52:17,754: INFO: main: >>>>>> stage Evaluation started <<<<<<]
[2024-05-29 19:52:17,763: INFO: common: yaml file: config\config.yaml loaded successfully]
[2024-05-29 19:52:17,765: INFO: common: yaml file: params.yaml loaded successfully]
[2024-05-29 19:52:17,766: INFO: common: created directory at: artifacts]
[2024-05-29 19:52:39,238: INFO: common: json file saved at: scores.json]
[2024-05-29 19:52:43,331: INFO: main: >>>>>> stage Evaluation completed <<<<<<

x==========x]
